<component name="libraryTable">
  <library name="junit-jupiter-5.4.1">
    <CLASSES>
      <root url="jar://$USER_HOME$/Downloads/junit-jupiter-5.4.1.jar!/" />
    </CLASSES>
    <JAVADOC />
    <SOURCES />
    <jarDirectory url="jar://$USER_HOME$/Downloads/junit-jupiter-5.4.1.jar!/" recursive="false" />
  </library>
</component>